#
# There is insufficient memory for the Java Runtime Environment to continue.
# Native memory allocation (mmap) failed to map 268435456 bytes for Failed to commit area from 0x0000000080c00000 to 0x0000000090c00000 of length 268435456.
# Possible reasons:
#   The system is out of physical RAM or swap space
#   The process is running with CompressedOops enabled, and the Java Heap may be blocking the growth of the native heap
# Possible solutions:
#   Reduce memory load on the system
#   Increase physical memory or swap space
#   Check if swap backing store is full
#   Decrease Java heap size (-Xmx/-Xms)
#   Decrease number of Java threads
#   Decrease Java thread stack sizes (-Xss)
#   Set larger code cache with -XX:ReservedCodeCacheSize=
# This output file may be truncated or incomplete.
#
#  Out of Memory Error (t:/workspace/open/src/hotspot/os/windows/os_windows.cpp:3269), pid=11800, tid=11212
#
# JRE version:  (11.0.1+13) (build )
# Java VM: Java HotSpot(TM) 64-Bit Server VM (11.0.1+13-LTS, mixed mode, aot, sharing, tiered, compressed oops, g1 gc, windows-amd64)
# No core dump will be written. Minidumps are not enabled by default on client versions of Windows
#

---------------  S U M M A R Y ------------

Command Line: -Xms256m -Dclassworlds.conf=D:\apache-maven-3.6.3-bin\apache-maven-3.6.3\bin\..\bin\m2.conf -Dmaven.home=D:\apache-maven-3.6.3-bin\apache-maven-3.6.3\bin\.. -Dlibrary.jansi.path=D:\apache-maven-3.6.3-bin\apache-maven-3.6.3\bin\..\lib\jansi-native -Dmaven.multiModuleProjectDirectory=D:\project\car-data-managmnet org.codehaus.plexus.classworlds.launcher.Launcher test

Host: Intel(R) Core(TM) i3-3220 CPU @ 3.30GHz, 4 cores, 7G,  Windows 10 , 64 bit Build 10586 (10.0.10586.589)
Time: Mon Mar  2 21:14:07 2020 RTZ 2 (ceia) elapsed time: 0 seconds (0d 0h 0m 0s)

---------------  T H R E A D  ---------------

Current thread (0x000002053f3c7000):  JavaThread "Unknown thread" [_thread_in_vm, id=11212, stack(0x0000002025c00000,0x0000002025d00000)]

Stack: [0x0000002025c00000,0x0000002025d00000]
Native frames: (J=compiled Java code, j=interpreted, Vv=VM code, C=native code)
V  [jvm.dll+0x63c21a]
V  [jvm.dll+0x7797df]
V  [jvm.dll+0x77adca]
V  [jvm.dll+0x77b483]
V  [jvm.dll+0x2627f8]
V  [jvm.dll+0x6396ca]
V  [jvm.dll+0x62dfa5]
V  [jvm.dll+0x31699c]
V  [jvm.dll+0x316822]
V  [jvm.dll+0x31c096]
V  [jvm.dll+0x36842f]
V  [jvm.dll+0x367e50]
V  [jvm.dll+0x2f38b8]
V  [jvm.dll+0x2f4a16]
V  [jvm.dll+0x752da7]
V  [jvm.dll+0x7544ef]
V  [jvm.dll+0x375269]
V  [jvm.dll+0x7394a9]
V  [jvm.dll+0x3e467d]
V  [jvm.dll+0x3e6951]
C  [java.exe+0x3603]
C  [java.exe+0x178dc]
C  [KERNEL32.DLL+0x18102]
C  [ntdll.dll+0x5c5b4]


---------------  P R O C E S S  ---------------

Threads class SMR info:
_java_thread_list=0x000002053ccddfb0, length=0, elements={
}

Java Threads: ( => current thread )

Other Threads:
  0x000002053f3dd000 GCTaskThread "GC Thread#0" [stack: 0x0000002025d00000,0x0000002025e00000] [id=11452]
  0x000002053f40f000 ConcurrentGCThread "G1 Main Marker" [stack: 0x0000002025e00000,0x0000002025f00000] [id=14048]
  0x000002053f410800 ConcurrentGCThread "G1 Conc#0" [stack: 0x0000002025f00000,0x0000002026000000] [id=500]

[error occurred during error reporting (printing all threads), id 0xc0000005, EXCEPTION_ACCESS_VIOLATION (0xc0000005) at pc=0x00007ffadbcb2137]

VM state:not at safepoint (not fully initialized)

VM Mutex/Monitor currently owned by a thread:  ([mutex/lock_event])
[0x000002053f3c5bb0] Heap_lock - owner thread: 0x000002053f3c7000

Heap address: 0x0000000080c00000, size: 2036 MB, Compressed Oops mode: Non-zero based: 0x0000000080c00000
Narrow klass base: 0x0000000000000000, Narrow klass shift: 0

GC Heap History (0 events):
No events

Deoptimization events (0 events):
No events

Classes redefined (0 events):
No events

Internal exceptions (0 events):
No events

Events (0 events):
No events


Dynamic libraries:
0x00007ff629d50000 - 0x00007ff629d97000 	C:\Program Files\Java\jdk-11.0.1\bin\java.exe
0x00007ffb03ef0000 - 0x00007ffb040b1000 	C:\WINDOWS\SYSTEM32\ntdll.dll
0x00007ffb03b90000 - 0x00007ffb03c3d000 	C:\WINDOWS\system32\KERNEL32.DLL
0x00007ffb00d30000 - 0x00007ffb00f18000 	C:\WINDOWS\system32\KERNELBASE.dll
0x00007ffb03d60000 - 0x00007ffb03e07000 	C:\WINDOWS\system32\ADVAPI32.dll
0x00007ffb03a30000 - 0x00007ffb03acd000 	C:\WINDOWS\system32\msvcrt.dll
0x00007ffb03b30000 - 0x00007ffb03b8b000 	C:\WINDOWS\system32\sechost.dll
0x00007ffb03c40000 - 0x00007ffb03d5d000 	C:\WINDOWS\system32\RPCRT4.dll
0x00007ffb01630000 - 0x00007ffb01786000 	C:\WINDOWS\system32\USER32.dll
0x00007ffb038a0000 - 0x00007ffb03a27000 	C:\WINDOWS\system32\GDI32.dll
0x00007ffaf4820000 - 0x00007ffaf4a94000 	C:\WINDOWS\WinSxS\amd64_microsoft.windows.common-controls_6595b64144ccf1df_6.0.10586.839_none_a2ddba30a539a2ae\COMCTL32.dll
0x00007ffb031b0000 - 0x00007ffb0342e000 	C:\WINDOWS\system32\combase.dll
0x00007ffb01260000 - 0x00007ffb012ca000 	C:\WINDOWS\system32\bcryptPrimitives.dll
0x00007ffafb940000 - 0x00007ffafb94a000 	C:\WINDOWS\SYSTEM32\VERSION.dll
0x00007ffb03860000 - 0x00007ffb0389b000 	C:\WINDOWS\system32\IMM32.DLL
0x0000000000400000 - 0x0000000000441000 	C:\Program Files (x86)\Hide ALL IP\networkdllx64_l.dll
0x00007ffb03e20000 - 0x00007ffb03ee6000 	C:\WINDOWS\system32\oleaut32.dll
0x0000000000ad0000 - 0x0000000001f5b000 	C:\Program Files (x86)\Hide ALL IP\networkdllx64.dll
0x00007ffaff3f0000 - 0x00007ffaff421000 	C:\WINDOWS\SYSTEM32\ntmarta.dll
0x000002053cc50000 - 0x000002053cc53000 	C:\WINDOWS\SYSTEM32\security.dll
0x00007ffaf0710000 - 0x00007ffaf071c000 	C:\WINDOWS\SYSTEM32\SECUR32.DLL
0x00007ffb00220000 - 0x00007ffb0024d000 	C:\WINDOWS\SYSTEM32\SSPICLI.DLL
0x00007ffaf6160000 - 0x00007ffaf6176000 	C:\Program Files\Java\jdk-11.0.1\bin\vcruntime140.dll
0x00007ffaff7b0000 - 0x00007ffaff8a4000 	C:\WINDOWS\SYSTEM32\ucrtbase.dll
0x00007ffae3e90000 - 0x00007ffae3f3a000 	C:\Program Files\Java\jdk-11.0.1\bin\msvcp140.dll
0x00007ffadb9b0000 - 0x00007ffadc4f2000 	C:\Program Files\Java\jdk-11.0.1\bin\server\jvm.dll
0x00007ffb018e0000 - 0x00007ffb018e8000 	C:\WINDOWS\system32\PSAPI.DLL
0x00007ffaf20e0000 - 0x00007ffaf20e9000 	C:\WINDOWS\SYSTEM32\WSOCK32.dll
0x00007ffb012f0000 - 0x00007ffb0135b000 	C:\WINDOWS\system32\WS2_32.dll
0x00007ffafe9a0000 - 0x00007ffafe9c3000 	C:\WINDOWS\SYSTEM32\WINMM.dll
0x00007ffafe970000 - 0x00007ffafe99c000 	C:\WINDOWS\SYSTEM32\WINMMBASE.dll
0x00007ffb01210000 - 0x00007ffb01253000 	C:\WINDOWS\system32\cfgmgr32.dll
0x00007ffb00510000 - 0x00007ffb0051f000 	C:\WINDOWS\system32\kernel.appcore.dll
0x00007ffaf3740000 - 0x00007ffaf3751000 	C:\Program Files\Java\jdk-11.0.1\bin\verify.dll
0x00007ffae41a0000 - 0x00007ffae432c000 	C:\WINDOWS\SYSTEM32\DBGHELP.DLL
0x00007ffaf6e00000 - 0x00007ffaf6e25000 	C:\WINDOWS\SYSTEM32\dbgcore.DLL
0x00007ffaed7a0000 - 0x00007ffaed7c9000 	C:\Program Files\Java\jdk-11.0.1\bin\java.dll
0x00007ffaf3720000 - 0x00007ffaf3736000 	C:\Program Files\Java\jdk-11.0.1\bin\zip.dll
0x00007ffaf6920000 - 0x00007ffaf692a000 	C:\Program Files\Java\jdk-11.0.1\bin\jimage.dll

dbghelp: loaded successfully - version: 4.0.5 - missing functions: none
symbol engine: initialized successfully - sym options: 0x614 - pdb path: .;srv*c:\symbols;*http://msdl.microsoft.com/download/symbols;C:\Program Files\Java\jdk-11.0.1\bin;C:\WINDOWS\SYSTEM32;C:\WINDOWS\WinSxS\amd64_microsoft.windows.common-controls_6595b64144ccf1df_6.0.10586.839_none_a2ddba30a539a2ae;C:\Program Files (x86)\Hide ALL IP;C:\Program Files\Java\jdk-11.0.1\bin\server

VM Arguments:
jvm_args: -Xms256m -Dclassworlds.conf=D:\apache-maven-3.6.3-bin\apache-maven-3.6.3\bin\..\bin\m2.conf -Dmaven.home=D:\apache-maven-3.6.3-bin\apache-maven-3.6.3\bin\.. -Dlibrary.jansi.path=D:\apache-maven-3.6.3-bin\apache-maven-3.6.3\bin\..\lib\jansi-native -Dmaven.multiModuleProjectDirectory=D:\project\car-data-managmnet 
java_command: org.codehaus.plexus.classworlds.launcher.Launcher test
java_class_path (initial): D:\apache-maven-3.6.3-bin\apache-maven-3.6.3\bin\..\boot\plexus-classworlds-2.6.0.jar
Launcher Type: SUN_STANDARD

[Global flags]
     intx CICompilerCount                          = 3                                         {product} {ergonomic}
     uint ConcGCThreads                            = 1                                         {product} {ergonomic}
     uint G1ConcRefinementThreads                  = 4                                         {product} {ergonomic}
   size_t G1HeapRegionSize                         = 1048576                                   {product} {ergonomic}
    uintx GCDrainStackTargetSize                   = 64                                        {product} {ergonomic}
   size_t InitialHeapSize                          = 268435456                                 {product} {command line}
   size_t MarkStackSize                            = 4194304                                   {product} {ergonomic}
   size_t MaxHeapSize                              = 2134900736                                {product} {ergonomic}
   size_t MinHeapDeltaBytes                        = 1048576                                   {product} {ergonomic}
    uintx NonNMethodCodeHeapSize                   = 5830092                                {pd product} {ergonomic}
    uintx NonProfiledCodeHeapSize                  = 122914074                              {pd product} {ergonomic}
    uintx ProfiledCodeHeapSize                     = 122914074                              {pd product} {ergonomic}
    uintx ReservedCodeCacheSize                    = 251658240                              {pd product} {ergonomic}
     bool SegmentedCodeCache                       = true                                      {product} {ergonomic}
     bool UseCompressedClassPointers               = true                                 {lp64_product} {ergonomic}
     bool UseCompressedOops                        = true                                 {lp64_product} {ergonomic}
     bool UseG1GC                                  = true                                      {product} {ergonomic}
     bool UseLargePagesIndividualAllocation        = false                                  {pd product} {ergonomic}

Logging:
Log output configuration:
 #0: stdout all=warning uptime,level,tags
 #1: stderr all=off uptime,level,tags

Environment Variables:
JAVA_HOME=C:\Program Files\Java\jdk-11.0.1
PATH=D:\apache-maven-3.6.3-bin\apache-maven-3.6.3\bin
USERNAME=ִלטענטי
OS=Windows_NT
PROCESSOR_IDENTIFIER=Intel64 Family 6 Model 58 Stepping 9, GenuineIntel



---------------  S Y S T E M  ---------------

OS: Windows 10 , 64 bit Build 10586 (10.0.10586.589)

CPU:total 4 (initial active 4) (2 cores per cpu, 2 threads per core) family 6 model 58 stepping 9, cmov, cx8, fxsr, mmx, sse, sse2, sse3, ssse3, sse4.1, sse4.2, popcnt, avx, clmul, erms, ht, tsc, tscinvbit, tscinv

Memory: 4k page, system-wide physical 8138M (1260M free)
TotalPageFile size 8996M (AvailPageFile size 228M)
current process WorkingSet (physical memory assigned to process): 11M, peak: 11M
current process commit charge ("private bytes"): 74M, peak: 330M

vm_info: Java HotSpot(TM) 64-Bit Server VM (11.0.1+13-LTS) for windows-amd64 JRE (11.0.1+13-LTS), built on Oct  6 2018 13:20:16 by "mach5one" with MS VC++ 15.5 (VS2017)

END.
